Running: C:\Xilinx\14.7\ISE_DS\ISE\bin\nt64\unwrapped\fuse.exe -intstyle ise -incremental -o C:/Users/RicardoWin7/Documents/git/TOC/practica1/Practica1b/simreg_isim_beh.exe -prj C:/Users/RicardoWin7/Documents/git/TOC/practica1/Practica1b/simreg_beh.prj work.simreg 
ISim P.20131013 (signature 0x7708f090)
Number of CPUs detected in this system: 1
Turning on mult-threading, number of parallel sub-compilation jobs: 0 
Determining compilation order of HDL files
Parsing VHDL file "C:/Users/RicardoWin7/Documents/git/TOC/practica1/Practica1b/practica1b.vhd" into library work
Parsing VHDL file "C:/Users/RicardoWin7/Documents/git/TOC/practica1/Practica1b/recursos/simu_1b.vhd" into library work
Starting static elaboration
Completed static elaboration
Compiling package standard
Compiling package std_logic_1164
Compiling package std_logic_arith
Compiling package std_logic_unsigned
Compiling package textio
Compiling package std_logic_textio
Compiling architecture circuito of entity reg_paralelo [reg_paralelo_default]
Compiling architecture behavior of entity simreg
Time Resolution for simulation is 1ps.
Compiled 9 VHDL Units
Built simulation executable C:/Users/RicardoWin7/Documents/git/TOC/practica1/Practica1b/simreg_isim_beh.exe
Fuse Memory Usage: 32776 KB
Fuse CPU Usage: 562 ms
