Release 14.1 - xst P.15xf (nt64)
Copyright (c) 1995-2012 Xilinx, Inc.  All rights reserved.
--> Parameter TMPDIR set to xst/projnav.tmp


Total REAL time to Xst completion: 0.00 secs
Total CPU time to Xst completion: 0.08 secs
 
--> Parameter xsthdpdir set to xst


Total REAL time to Xst completion: 0.00 secs
Total CPU time to Xst completion: 0.08 secs
 
--> Reading design: simreg.prj

TABLE OF CONTENTS
  1) Synthesis Options Summary
  2) HDL Compilation
  3) Design Hierarchy Analysis
  4) HDL Analysis
  5) HDL Synthesis
     5.1) HDL Synthesis Report
  6) Advanced HDL Synthesis
     6.1) Advanced HDL Synthesis Report
  7) Low Level Synthesis
  8) Partition Report
  9) Final Report
	9.1) Device utilization summary
	9.2) Partition Resource Summary
	9.3) TIMING REPORT


=========================================================================
*                      Synthesis Options Summary                        *
=========================================================================
---- Source Parameters
Input File Name                    : "simreg.prj"
Input Format                       : mixed
Ignore Synthesis Constraint File   : NO

---- Target Parameters
Output File Name                   : "simreg"
Output Format                      : NGC
Target Device                      : xc3s1000-5-ft256

---- Source Options
Top Module Name                    : simreg
Automatic FSM Extraction           : YES
FSM Encoding Algorithm             : Auto
Safe Implementation                : No
FSM Style                          : LUT
RAM Extraction                     : Yes
RAM Style                          : Auto
ROM Extraction                     : Yes
Mux Style                          : Auto
Decoder Extraction                 : YES
Priority Encoder Extraction        : Yes
Shift Register Extraction          : YES
Logical Shifter Extraction         : YES
XOR Collapsing                     : YES
ROM Style                          : Auto
Mux Extraction                     : Yes
Resource Sharing                   : YES
Asynchronous To Synchronous        : NO
Multiplier Style                   : Auto
Automatic Register Balancing       : No

---- Target Options
Add IO Buffers                     : YES
Global Maximum Fanout              : 500
Add Generic Clock Buffer(BUFG)     : 8
Register Duplication               : YES
Slice Packing                      : YES
Optimize Instantiated Primitives   : NO
Use Clock Enable                   : Yes
Use Synchronous Set                : Yes
Use Synchronous Reset              : Yes
Pack IO Registers into IOBs        : Auto
Equivalent register Removal        : YES

---- General Options
Optimization Goal                  : Speed
Optimization Effort                : 1
Keep Hierarchy                     : No
Netlist Hierarchy                  : As_Optimized
RTL Output                         : Yes
Global Optimization                : AllClockNets
Read Cores                         : YES
Write Timing Constraints           : NO
Cross Clock Analysis               : NO
Hierarchy Separator                : /
Bus Delimiter                      : <>
Case Specifier                     : Maintain
Slice Utilization Ratio            : 100
BRAM Utilization Ratio             : 100
Verilog 2001                       : YES
Auto BRAM Packing                  : NO
Slice Utilization Ratio Delta      : 5

=========================================================================


=========================================================================
*                          HDL Compilation                              *
=========================================================================
WARNING:HDLParsers:3607 - Unit work/simreg is now defined in a different file.  It was defined in "C:/hlocal/Practica1b/test.vhd", and is now defined in "C:/hlocal/Practica1b/recursos/simu_1b.vhd".
WARNING:HDLParsers:3607 - Unit work/simreg/behavior is now defined in a different file.  It was defined in "C:/hlocal/Practica1b/test.vhd", and is now defined in "C:/hlocal/Practica1b/recursos/simu_1b.vhd".
Compiling vhdl file "C:/hlocal/Practica1b/practica1b.vhd" in Library work.
Architecture circuito of Entity reg_paralelo is up to date.
Compiling vhdl file "C:/hlocal/Practica1b/recursos/simu_1b.vhd" in Library work.
ERROR:HDLParsers:1015 - "C:/hlocal/Practica1b/recursos/simu_1b.vhd" Line 55. Wait for statement unsupported.
ERROR:HDLParsers:1015 - "C:/hlocal/Practica1b/recursos/simu_1b.vhd" Line 57. Wait for statement unsupported.
ERROR:HDLParsers:1015 - "C:/hlocal/Practica1b/recursos/simu_1b.vhd" Line 68. Wait for statement unsupported.
ERROR:HDLParsers:1015 - "C:/hlocal/Practica1b/recursos/simu_1b.vhd" Line 73. Wait for statement unsupported.
ERROR:HDLParsers:1015 - "C:/hlocal/Practica1b/recursos/simu_1b.vhd" Line 78. Wait for statement unsupported.
ERROR:HDLParsers:1015 - "C:/hlocal/Practica1b/recursos/simu_1b.vhd" Line 83. Wait for statement unsupported.
ERROR:HDLParsers:1015 - "C:/hlocal/Practica1b/recursos/simu_1b.vhd" Line 88. Wait for statement unsupported.
--> 

Total memory usage is 243256 kilobytes

Number of errors   :    7 (   0 filtered)
Number of warnings :    2 (   0 filtered)
Number of infos    :    0 (   0 filtered)

