Command line:
   tb_isim_beh.exe
     -simmode  gui
     -simrunnum  0
     -socket  49170

Fri Oct 24 18:21:39 2014


 Elaboration Time: 0.03125 sec

 Current Memory Usage: 667.542 Meg

 Total Signals          : 12
 Total Nets             : 11
 Total Signal Drivers   : 7
 Total Blocks           : 3
 Total Primitive Blocks : 2
 Total Processes        : 4
 Total Traceable Variables  : 9
 Total Scalar Nets and Variables : 372
Total Line Count : 48

 Total Simulation Time: 0.03125 sec

 Current Memory Usage: 667.542 Meg

Fri Oct 24 18:21:46 2014

