--------------------------------------------------------------------------------
Release 14.1 Trace  (nt64)
Copyright (c) 1995-2012 Xilinx, Inc.  All rights reserved.

C:\software\electronica\xilinx\14.1\ISE_DS\ISE\bin\nt64\unwrapped\trce.exe
-intstyle ise -v 3 -s 4 -n 3 -fastpaths -xml p1.twx p1.ncd -o p1.twr p1.pcf

Design file:              p1.ncd
Physical constraint file: p1.pcf
Device,package,speed:     xc3s1000,ft256,-4 (PRODUCTION 1.39 2012-04-23)
Report level:             verbose report

Environment Variable      Effect 
--------------------      ------ 
NONE                      No environment variables were set
--------------------------------------------------------------------------------

INFO:Timing:2698 - No timing constraints found, doing default enumeration.
INFO:Timing:3412 - To improve timing, see the Timing Closure User Guide (UG612).
INFO:Timing:2752 - To get complete path coverage, use the unconstrained paths 
   option. All paths that are not constrained will be reported in the 
   unconstrained paths section(s) of the report.
INFO:Timing:3339 - The clock-to-out numbers in this timing report are based on 
   a 50 Ohm transmission line loading model.  For the details of this model, 
   and for more information on accounting for different loading conditions, 
   please see the device datasheet.
INFO:Timing:3390 - This architecture does not support a default System Jitter 
   value, please add SYSTEM_JITTER constraint to the UCF to modify the Clock 
   Uncertainty calculation.
INFO:Timing:3389 - This architecture does not support 'Discrete Jitter' and 
   'Phase Error' calculations, these terms will be zero in the Clock 
   Uncertainty calculation.  Please make appropriate modification to 
   SYSTEM_JITTER to account for the unsupported Discrete Jitter and Phase 
   Error.



Data Sheet report:
-----------------
All values displayed in nanoseconds (ns)

Pad to Pad
---------------+---------------+---------+
Source Pad     |Destination Pad|  Delay  |
---------------+---------------+---------+
A<0>           |C<0>           |   12.160|
A<0>           |C<1>           |   12.500|
A<0>           |C<2>           |   13.778|
A<0>           |C<3>           |   15.706|
A<1>           |C<1>           |   10.778|
A<1>           |C<2>           |   11.313|
A<1>           |C<3>           |   13.241|
A<2>           |C<2>           |   12.028|
A<2>           |C<3>           |   12.164|
A<3>           |C<3>           |   12.515|
B<0>           |C<0>           |   12.099|
B<0>           |C<1>           |   12.381|
B<0>           |C<2>           |   13.867|
B<0>           |C<3>           |   15.795|
B<1>           |C<1>           |   12.610|
B<1>           |C<2>           |   12.718|
B<1>           |C<3>           |   14.646|
B<2>           |C<2>           |   13.227|
B<2>           |C<3>           |   13.512|
B<3>           |C<3>           |   15.070|
---------------+---------------+---------+


Analysis completed Wed Oct 15 17:11:28 2014 
--------------------------------------------------------------------------------

Trace Settings:
-------------------------
Trace Settings 

Peak Memory Usage: 168 MB



