--------------------------------------------------------------------------------
Release 14.1 Trace  (nt64)
Copyright (c) 1995-2012 Xilinx, Inc.  All rights reserved.

C:\software\electronica\xilinx\14.1\ISE_DS\ISE\bin\nt64\unwrapped\trce.exe
-intstyle ise -v 3 -s 5 -n 3 -fastpaths -xml black_jack.twx black_jack.ncd -o
black_jack.twr black_jack.pcf

Design file:              black_jack.ncd
Physical constraint file: black_jack.pcf
Device,package,speed:     xc3s1000,ft256,-5 (PRODUCTION 1.39 2012-04-23)
Report level:             verbose report

Environment Variable      Effect 
--------------------      ------ 
NONE                      No environment variables were set
--------------------------------------------------------------------------------

INFO:Timing:2698 - No timing constraints found, doing default enumeration.
INFO:Timing:3412 - To improve timing, see the Timing Closure User Guide (UG612).
INFO:Timing:2752 - To get complete path coverage, use the unconstrained paths 
   option. All paths that are not constrained will be reported in the 
   unconstrained paths section(s) of the report.
INFO:Timing:3339 - The clock-to-out numbers in this timing report are based on 
   a 50 Ohm transmission line loading model.  For the details of this model, 
   and for more information on accounting for different loading conditions, 
   please see the device datasheet.
INFO:Timing:3390 - This architecture does not support a default System Jitter 
   value, please add SYSTEM_JITTER constraint to the UCF to modify the Clock 
   Uncertainty calculation.
INFO:Timing:3389 - This architecture does not support 'Discrete Jitter' and 
   'Phase Error' calculations, these terms will be zero in the Clock 
   Uncertainty calculation.  Please make appropriate modification to 
   SYSTEM_JITTER to account for the unsupported Discrete Jitter and Phase 
   Error.



Data Sheet report:
-----------------
All values displayed in nanoseconds (ns)

Setup/Hold to clock clk
------------+------------+------------+------------------+--------+
            |Max Setup to|Max Hold to |                  | Clock  |
Source      | clk (edge) | clk (edge) |Internal Clock(s) | Phase  |
------------+------------+------------+------------------+--------+
comenzar    |    2.235(R)|   -0.731(R)|clk_BUFGP         |   0.000|
jugar       |    2.876(R)|   -1.012(R)|clk_BUFGP         |   0.000|
plantarse   |    2.934(R)|   -0.805(R)|clk_BUFGP         |   0.000|
reset       |    4.259(R)|   -0.789(R)|clk_BUFGP         |   0.000|
------------+------------+------------+------------------+--------+

Clock clk to Pad
-------------+------------+------------------+--------+
             | clk (edge) |                  | Clock  |
Destination  |   to PAD   |Internal Clock(s) | Phase  |
-------------+------------+------------------+--------+
carta<0>     |    8.353(R)|clk_BUFGP         |   0.000|
carta<1>     |    8.390(R)|clk_BUFGP         |   0.000|
carta<2>     |    9.011(R)|clk_BUFGP         |   0.000|
carta<3>     |    9.494(R)|clk_BUFGP         |   0.000|
display<0>   |   12.769(R)|clk_BUFGP         |   0.000|
display<1>   |   11.445(R)|clk_BUFGP         |   0.000|
display<2>   |   11.667(R)|clk_BUFGP         |   0.000|
display<3>   |   11.738(R)|clk_BUFGP         |   0.000|
display<4>   |   10.914(R)|clk_BUFGP         |   0.000|
display<5>   |   12.115(R)|clk_BUFGP         |   0.000|
display<6>   |   13.063(R)|clk_BUFGP         |   0.000|
led_derrota  |    9.579(R)|clk_BUFGP         |   0.000|
puntuacion<0>|   10.088(R)|clk_BUFGP         |   0.000|
puntuacion<1>|   10.090(R)|clk_BUFGP         |   0.000|
puntuacion<2>|   10.127(R)|clk_BUFGP         |   0.000|
puntuacion<3>|   10.644(R)|clk_BUFGP         |   0.000|
puntuacion<4>|    9.264(R)|clk_BUFGP         |   0.000|
puntuacion<5>|    9.900(R)|clk_BUFGP         |   0.000|
-------------+------------+------------------+--------+

Clock to Setup on destination clock clk
---------------+---------+---------+---------+---------+
               | Src:Rise| Src:Fall| Src:Rise| Src:Fall|
Source Clock   |Dest:Rise|Dest:Rise|Dest:Fall|Dest:Fall|
---------------+---------+---------+---------+---------+
clk            |    4.140|         |         |         |
---------------+---------+---------+---------+---------+


Analysis completed Wed Dec 17 16:44:23 2014 
--------------------------------------------------------------------------------

Trace Settings:
-------------------------
Trace Settings 

Peak Memory Usage: 170 MB



