ISim log file
Running: C:\hlocal\TOC\practica_final\practica_final\test_ej2_isim_beh.exe -intstyle ise -gui -tclbatch isim.cmd -wdb C:/hlocal/TOC/practica_final/practica_final/test_ej2_isim_beh.wdb 
INFO: There is another simulation running in the same directory. Using database file name isim1.wdb.
ISim P.15xf (signature 0xc3576ebc)
----------------------------------------------------------------------
INFO:Security:50 - The XILINXD_LICENSE_FILE environment variable is set to 'C:\software\electronica\xilinx\14.1\ISE_DS\common\licenses\xilinx.lic'.
INFO:Security:52 - The LM_LICENSE_FILE environment variable is set to '1717@licencias.fdi.ucm.es;2100@licencias.fdi.ucm.es'.
WARNING:Security:43 - No license file was found in the standard Xilinx license directory.
WARNING:Security:44 - Since no license file was found,
       please run the Xilinx License Configuration Manager
       (xlcm or "Manage Xilinx Licenses")
       to assist in obtaining a license.
WARNING:Security:42 - Your software subscription period has lapsed. Your current version of Xilinx tools will continue to function, but you no longer qualify for Xilinx software updates or new releases.


----------------------------------------------------------------------
This is a Full version of ISim.
Time resolution is 1 ps
# onerror resume
# wave add /
# run 1000 ns
Simulator is doing circuit initialization process.
Finished circuit initialization process.
at 50 ns(1), Instance /test_ej2/uut/u_rams/ : Warning: There is an 'U'|'X'|'W'|'Z'|'-' in an arithmetic operand, the result will be 'X'(es).
at 50 ns(1), Instance /test_ej2/uut/u_rams/ : Warning: CONV_INTEGER: There is an 'U'|'X'|'W'|'Z'|'-' in an arithmetic operand, and it has been converted to 0.
# run 2000ns
# run 2000ns
# run 2000ns
# run 2000ns
# run 2000ns
# run 2000ns
# run 2000ns
# run 2000ns
# run 2000ns
# run 20000ns
# run 20000ns
# run 20000ns
# run 20000ns
at 80890 ns: Error: ERROR EN TESTBENCH (4)
# run 20000ns
at 101090 ns: Error: ERROR EN TESTBENCH (5)
# run 20000ns
at 121290 ns: Error: ERROR EN TESTBENCH (6)
