Command line:
   tb_isim_beh.exe
     -simmode  gui
     -simrunnum  0
     -socket  49325

Tue Oct 21 23:28:59 2014


 Elaboration Time: 0.015625 sec

 Current Memory Usage: 667.542 Meg

 Total Signals          : 12
 Total Nets             : 11
 Total Signal Drivers   : 7
 Total Blocks           : 3
 Total Primitive Blocks : 2
 Total Processes        : 4
 Total Traceable Variables  : 9
 Total Scalar Nets and Variables : 372
Total Line Count : 48

 Total Simulation Time: 0.15625 sec

 Current Memory Usage: 667.542 Meg

Tue Oct 21 23:31:34 2014

