Command line:
   tb_alu_isim_beh.exe
     -simmode  gui
     -simrunnum  0
     -socket  49407

Mon Dec 01 19:28:11 2014


 Elaboration Time: 0.046875 sec

 Current Memory Usage: 667.64 Meg

 Total Signals          : 34
 Total Nets             : 48
 Total Signal Drivers   : 5
 Total Blocks           : 5
 Total Primitive Blocks : 4
 Total Processes        : 3
 Total Traceable Variables  : 14
 Total Scalar Nets and Variables : 532
Total Line Count : 18

 Total Simulation Time: 0.0625 sec

 Current Memory Usage: 982.213 Meg

Mon Dec 01 19:29:31 2014

