Command line:
   simu4b_3_6_isim_beh.exe
     -simmode  gui
     -simrunnum  0
     -socket  49268

Wed Dec 03 03:04:11 2014


 Elaboration Time: 0.03125 sec

 Current Memory Usage: 667.648 Meg

 Total Signals          : 101
 Total Nets             : 171
 Total Signal Drivers   : 34
 Total Blocks           : 11
 Total Primitive Blocks : 9
 Total Processes        : 17
 Total Traceable Variables  : 22
 Total Scalar Nets and Variables : 663
Total Line Count : 131

 Total Simulation Time: 0.5 sec

 Current Memory Usage: 667.648 Meg

Wed Dec 03 03:08:32 2014

