Command line:
   simu2_isim_beh.exe
     -simmode  gui
     -simrunnum  0
     -socket  49165

Wed Oct 15 16:14:26 2014


 Elaboration Time: 0.03125 sec

 Current Memory Usage: 667.64 Meg

 Total Signals          : 6
 Total Nets             : 12
 Total Signal Drivers   : 3
 Total Blocks           : 5
 Total Primitive Blocks : 4
 Total Processes        : 2
 Total Traceable Variables  : 11
 Total Scalar Nets and Variables : 391
Total Line Count : 9

 Total Simulation Time: 0.03125 sec

 Current Memory Usage: 667.64 Meg

Wed Oct 15 16:26:09 2014

