Command line:
   tb_cmp_isim_beh.exe
     -simmode  gui
     -simrunnum  0
     -socket  49525

Mon Dec 01 20:00:11 2014


 Elaboration Time: 0.03125 sec

 Current Memory Usage: 667.64 Meg

 Total Signals          : 32
 Total Nets             : 42
 Total Signal Drivers   : 4
 Total Blocks           : 5
 Total Primitive Blocks : 4
 Total Processes        : 3
 Total Traceable Variables  : 14
 Total Scalar Nets and Variables : 526
Total Line Count : 15

 Total Simulation Time: 0.140625 sec

 Current Memory Usage: 982.213 Meg

Mon Dec 01 20:00:51 2014

