Command line:
   simreg_isim_beh.exe
     -simmode  gui
     -simrunnum  0
     -socket  49169

Tue Oct 21 06:21:04 2014


 Elaboration Time: 0.015625 sec

 Current Memory Usage: 667.664 Meg

 Total Signals          : 11
 Total Nets             : 12
 Total Signal Drivers   : 6
 Total Blocks           : 7
 Total Primitive Blocks : 6
 Total Processes        : 4
 Total Traceable Variables  : 14
 Total Scalar Nets and Variables : 912
Total Line Count : 33

 Total Simulation Time: 0.03125 sec

 Current Memory Usage: 667.664 Meg

Tue Oct 21 06:34:47 2014

