Command line:
   reg_c_isim_beh.exe
     -simmode  gui
     -simrunnum  0
     -socket  49213

Wed Dec 03 01:41:38 2014


 Elaboration Time: 0.046875 sec

 Current Memory Usage: 667.542 Meg

 Total Signals          : 7
 Total Nets             : 19
 Total Signal Drivers   : 1
 Total Blocks           : 2
 Total Primitive Blocks : 2
 Total Processes        : 1
 Total Traceable Variables  : 9
 Total Scalar Nets and Variables : 380
Total Line Count : 6

 Total Simulation Time: 0.109375 sec

 Current Memory Usage: 667.542 Meg

Wed Dec 03 01:41:51 2014

